#
# There is insufficient memory for the Java Runtime Environment to continue.
# Native memory allocation (mmap) failed to map 65011712 bytes for G1 virtual space
# Possible reasons:
#   The system is out of physical RAM or swap space
#   The process is running with CompressedOops enabled, and the Java Heap may be blocking the growth of the native heap
# Possible solutions:
#   Reduce memory load on the system
#   Increase physical memory or swap space
#   Check if swap backing store is full
#   Decrease Java heap size (-Xmx/-Xms)
#   Decrease number of Java threads
#   Decrease Java thread stack sizes (-Xss)
#   Set larger code cache with -XX:ReservedCodeCacheSize=
#   JVM is running with Unscaled Compressed Oops mode in which the Java heap is
#     placed in the first 4GB address space. The Java Heap base address is the
#     maximum limit for the native heap growth. Please use -XX:HeapBaseMinAddress
#     to set the Java Heap base and to place the Java Heap above 4GB virtual address.
# This output file may be truncated or incomplete.
#
#  Out of Memory Error (os_windows.cpp:3532), pid=19088, tid=12752
#
# JRE version:  (17.0.2+8) (build )
# Java VM: OpenJDK 64-Bit Server VM (17.0.2+8-86, mixed mode, emulated-client, sharing, tiered, compressed oops, compressed class ptrs, g1 gc, windows-amd64)
# No core dump will be written. Minidumps are not enabled by default on client versions of Windows
#

---------------  S U M M A R Y ------------

Command Line: -XX:TieredStopAtLevel=1 -Xverify:none -Dspring.output.ansi.enabled=always -Dcom.sun.management.jmxremote -Dspring.jmx.enabled=true -Dspring.liveBeansView.mbeanDomain -Dspring.application.admin.enabled=true -javaagent:C:\Program Files\JetBrains\IntelliJ IDEA 2021.3.2\lib\idea_rt.jar=56125:C:\Program Files\JetBrains\IntelliJ IDEA 2021.3.2\bin -Dfile.encoding=UTF-8 com.bus.BusExperimentApplication

Host: Intel(R) Core(TM) i5-8265U CPU @ 1.60GHz, 8 cores, 3G,  Windows 11 , 64 bit Build 22000 (10.0.22000.434)
Time: Thu Mar 24 09:43:26 2022 SE Asia Standard Time elapsed time: 0.027004 seconds (0d 0h 0m 0s)

---------------  T H R E A D  ---------------

Current thread (0x000001d174b7ae40):  JavaThread "Unknown thread" [_thread_in_vm, id=12752, stack(0x000000c3a1a00000,0x000000c3a1b00000)]

Stack: [0x000000c3a1a00000,0x000000c3a1b00000]
Native frames: (J=compiled Java code, j=interpreted, Vv=VM code, C=native code)
V  [jvm.dll+0x670baa]
V  [jvm.dll+0x7cfcb4]
V  [jvm.dll+0x7d145e]
V  [jvm.dll+0x7d1ac3]
V  [jvm.dll+0x242bc5]
V  [jvm.dll+0x66dac9]
V  [jvm.dll+0x662412]
V  [jvm.dll+0x300c0b]
V  [jvm.dll+0x3081a6]
V  [jvm.dll+0x357d0e]
V  [jvm.dll+0x357f3f]
V  [jvm.dll+0x2d7ec8]
V  [jvm.dll+0x2d8e34]
V  [jvm.dll+0x7a18c1]
V  [jvm.dll+0x365a91]
V  [jvm.dll+0x780d2c]
V  [jvm.dll+0x3e845f]
V  [jvm.dll+0x3e9f01]
C  [jli.dll+0x527b]
C  [ucrtbase.dll+0x26c0c]
C  [KERNEL32.DLL+0x154e0]
C  [ntdll.dll+0x485b]


---------------  P R O C E S S  ---------------

Threads class SMR info:
_java_thread_list=0x00007ffd73de9858, length=0, elements={
}

Java Threads: ( => current thread )

Other Threads:
  0x000001d174ba9250 GCTaskThread "GC Thread#0" [stack: 0x000000c3a1b00000,0x000000c3a1c00000] [id=15216]
  0x000001d174bb1d10 ConcurrentGCThread "G1 Main Marker" [stack: 0x000000c3a1c00000,0x000000c3a1d00000] [id=10680]
  0x000001d174bb2ec0 ConcurrentGCThread "G1 Conc#0" [stack: 0x000000c3a1d00000,0x000000c3a1e00000] [id=3756]

[error occurred during error reporting (printing all threads), id 0xc0000005, EXCEPTION_ACCESS_VIOLATION (0xc0000005) at pc=0x00007ffd736388a7]

VM state: not at safepoint (not fully initialized)

VM Mutex/Monitor currently owned by a thread:  ([mutex/lock_event])
[0x000001d174b78070] Heap_lock - owner thread: 0x000001d174b7ae40

Heap address: 0x00000000c2400000, size: 988 MB, Compressed Oops mode: 32-bit

CDS archive(s) mapped at: [0x0000000000000000-0x0000000000000000-0x0000000000000000), size 0, SharedBaseAddress: 0x0000000800000000, ArchiveRelocationMode: 0.
Narrow klass base: 0x0000000000000000, Narrow klass shift: 0, Narrow klass range: 0x0

GC Precious Log:
<Empty>

Heap:
 garbage-first heap   total 0K, used 0K [0x00000000c2400000, 0x0000000100000000)
  region size 1024K, 0 young (0K), 0 survivors (0K)

[error occurred during error reporting (printing heap information), id 0xc0000005, EXCEPTION_ACCESS_VIOLATION (0xc0000005) at pc=0x00007ffd73a19f19]

GC Heap History (0 events):
No events

Deoptimization events (0 events):
No events

Classes unloaded (0 events):
No events

Classes redefined (0 events):
No events

Internal exceptions (0 events):
No events

VM Operations (0 events):
No events

Events (1 events):
Event: 0.016 Loaded shared library C:\Users\Admin\.jdks\openjdk-17.0.2\bin\java.dll


Dynamic libraries:
0x00007ff613b40000 - 0x00007ff613b4e000 	C:\Users\Admin\.jdks\openjdk-17.0.2\bin\java.exe
0x00007ffdc9040000 - 0x00007ffdc9249000 	C:\WINDOWS\SYSTEM32\ntdll.dll
0x00007ffdc7a90000 - 0x00007ffdc7b4d000 	C:\WINDOWS\System32\KERNEL32.DLL
0x00007ffdc6b60000 - 0x00007ffdc6ed4000 	C:\WINDOWS\System32\KERNELBASE.dll
0x00007ffdc6760000 - 0x00007ffdc6871000 	C:\WINDOWS\System32\ucrtbase.dll
0x00007ffd9b270000 - 0x00007ffd9b28a000 	C:\Users\Admin\.jdks\openjdk-17.0.2\bin\VCRUNTIME140.dll
0x00007ffd9e4a0000 - 0x00007ffd9e4b8000 	C:\Users\Admin\.jdks\openjdk-17.0.2\bin\jli.dll
0x00007ffdc6fc0000 - 0x00007ffdc716c000 	C:\WINDOWS\System32\USER32.dll
0x00007ffdb2d70000 - 0x00007ffdb3015000 	C:\WINDOWS\WinSxS\amd64_microsoft.windows.common-controls_6595b64144ccf1df_6.0.22000.120_none_9d947278b86cc467\COMCTL32.dll
0x00007ffdc6a90000 - 0x00007ffdc6ab6000 	C:\WINDOWS\System32\win32u.dll
0x00007ffdc8740000 - 0x00007ffdc87e3000 	C:\WINDOWS\System32\msvcrt.dll
0x00007ffdc88e0000 - 0x00007ffdc8909000 	C:\WINDOWS\System32\GDI32.dll
0x00007ffdc6880000 - 0x00007ffdc6992000 	C:\WINDOWS\System32\gdi32full.dll
0x00007ffdc6ac0000 - 0x00007ffdc6b5d000 	C:\WINDOWS\System32\msvcp_win.dll
0x00007ffdc7930000 - 0x00007ffdc7961000 	C:\WINDOWS\System32\IMM32.DLL
0x00007ffdb5530000 - 0x00007ffdb553c000 	C:\Users\Admin\.jdks\openjdk-17.0.2\bin\vcruntime140_1.dll
0x00007ffd800b0000 - 0x00007ffd8013d000 	C:\Users\Admin\.jdks\openjdk-17.0.2\bin\msvcp140.dll
0x00007ffd73350000 - 0x00007ffd73f11000 	C:\Users\Admin\.jdks\openjdk-17.0.2\bin\server\jvm.dll
0x00007ffdc7970000 - 0x00007ffdc7a1e000 	C:\WINDOWS\System32\ADVAPI32.dll
0x00007ffdc8440000 - 0x00007ffdc84de000 	C:\WINDOWS\System32\sechost.dll
0x00007ffdc84e0000 - 0x00007ffdc8600000 	C:\WINDOWS\System32\RPCRT4.dll
0x00007ffdc7bd0000 - 0x00007ffdc7bd8000 	C:\WINDOWS\System32\PSAPI.DLL
0x00007ffdc0a20000 - 0x00007ffdc0a53000 	C:\WINDOWS\SYSTEM32\WINMM.dll
0x00007ffdc1760000 - 0x00007ffdc1769000 	C:\WINDOWS\SYSTEM32\WSOCK32.dll
0x00007ffdc7a20000 - 0x00007ffdc7a8f000 	C:\WINDOWS\System32\WS2_32.dll
0x00007ffdb8e00000 - 0x00007ffdb8e0a000 	C:\WINDOWS\SYSTEM32\VERSION.dll
0x00007ffdc5630000 - 0x00007ffdc5648000 	C:\WINDOWS\SYSTEM32\kernel.appcore.dll
0x00007ffdb54a0000 - 0x00007ffdb54aa000 	C:\Users\Admin\.jdks\openjdk-17.0.2\bin\jimage.dll
0x00007ffdc40a0000 - 0x00007ffdc42c1000 	C:\WINDOWS\SYSTEM32\DBGHELP.DLL
0x00007ffdb2cf0000 - 0x00007ffdb2d21000 	C:\WINDOWS\SYSTEM32\dbgcore.DLL
0x00007ffdc69a0000 - 0x00007ffdc6a1f000 	C:\WINDOWS\System32\bcryptPrimitives.dll
0x00007ffdb44d0000 - 0x00007ffdb44de000 	C:\Users\Admin\.jdks\openjdk-17.0.2\bin\instrument.dll
0x00007ffd97640000 - 0x00007ffd97665000 	C:\Users\Admin\.jdks\openjdk-17.0.2\bin\java.dll

dbghelp: loaded successfully - version: 4.0.5 - missing functions: none
symbol engine: initialized successfully - sym options: 0x614 - pdb path: .;C:\Users\Admin\.jdks\openjdk-17.0.2\bin;C:\WINDOWS\SYSTEM32;C:\WINDOWS\WinSxS\amd64_microsoft.windows.common-controls_6595b64144ccf1df_6.0.22000.120_none_9d947278b86cc467;C:\Users\Admin\.jdks\openjdk-17.0.2\bin\server

VM Arguments:
jvm_args: -XX:TieredStopAtLevel=1 -Xverify:none -Dspring.output.ansi.enabled=always -Dcom.sun.management.jmxremote -Dspring.jmx.enabled=true -Dspring.liveBeansView.mbeanDomain -Dspring.application.admin.enabled=true -javaagent:C:\Program Files\JetBrains\IntelliJ IDEA 2021.3.2\lib\idea_rt.jar=56125:C:\Program Files\JetBrains\IntelliJ IDEA 2021.3.2\bin -Dfile.encoding=UTF-8 
java_command: com.bus.BusExperimentApplication
java_class_path (initial): C:\Users\Admin\Downloads\CinemaSqa-main\CinemaSqa-main\target\classes;C:\Users\Admin\.m2\repository\org\springframework\boot\spring-boot-starter-data-jpa\2.5.4\spring-boot-starter-data-jpa-2.5.4.jar;C:\Users\Admin\.m2\repository\org\springframework\boot\spring-boot-starter-aop\2.5.4\spring-boot-starter-aop-2.5.4.jar;C:\Users\Admin\.m2\repository\org\springframework\spring-aop\5.3.9\spring-aop-5.3.9.jar;C:\Users\Admin\.m2\repository\org\aspectj\aspectjweaver\1.9.7\aspectjweaver-1.9.7.jar;C:\Users\Admin\.m2\repository\org\springframework\boot\spring-boot-starter-jdbc\2.5.4\spring-boot-starter-jdbc-2.5.4.jar;C:\Users\Admin\.m2\repository\com\zaxxer\HikariCP\4.0.3\HikariCP-4.0.3.jar;C:\Users\Admin\.m2\repository\org\springframework\spring-jdbc\5.3.9\spring-jdbc-5.3.9.jar;C:\Users\Admin\.m2\repository\jakarta\transaction\jakarta.transaction-api\1.3.3\jakarta.transaction-api-1.3.3.jar;C:\Users\Admin\.m2\repository\jakarta\persistence\jakarta.persistence-api\2.2.3\jakarta.persistence-api-2.2.3.jar;C:\Users\Admin\.m2\repository\org\hibernate\hibernate-core\5.4.32.Final\hibernate-core-5.4.32.Final.jar;C:\Users\Admin\.m2\repository\org\jboss\logging\jboss-logging\3.4.2.Final\jboss-logging-3.4.2.Final.jar;C:\Users\Admin\.m2\repository\org\javassist\javassist\3.27.0-GA\javassist-3.27.0-GA.jar;C:\Users\Admin\.m2\repository\net\bytebuddy\byte-buddy\1.10.22\byte-buddy-1.10.22.jar;C:\Users\Admin\.m2\repository\antlr\antlr\2.7.7\antlr-2.7.7.jar;C:\Users\Admin\.m2\repository\org\jboss\jandex\2.2.3.Final\jandex-2.2.3.Final.jar;C:\Users\Admin\.m2\repository\com\fasterxml\classmate\1.5.1\classmate-1.5.1.jar;C:\Users\Admin\.m2\repository\org\dom4j\dom4j\2.1.3\dom4j-2.1.3.jar;C:\Users\Admin\.m2\repository\org\hibernate\common\hibernate-commons-annotations\5.1.2.Final\hibernate-commons-annotations-5.1.2.Final.jar;C:\Users\Admin\.m2\repository\org\glassfish\jaxb\jaxb-runtime\2.3.5\jaxb-runtime-2.3.5.jar;C:\Users\Admin\.m2\repository\org\glassfish\jaxb\txw2\2.3.5
Launcher Type: SUN_STANDARD

[Global flags]
     intx CICompilerCount                          = 4                                         {product} {ergonomic}
     uint ConcGCThreads                            = 2                                         {product} {ergonomic}
     uint G1ConcRefinementThreads                  = 8                                         {product} {ergonomic}
   size_t G1HeapRegionSize                         = 1048576                                   {product} {ergonomic}
    uintx GCDrainStackTargetSize                   = 64                                        {product} {ergonomic}
   size_t InitialHeapSize                          = 65011712                                  {product} {ergonomic}
     bool ManagementServer                         = true                                      {product} {command line}
   size_t MarkStackSize                            = 4194304                                   {product} {ergonomic}
   size_t MaxHeapSize                              = 1035993088                                {product} {ergonomic}
   size_t MinHeapDeltaBytes                        = 1048576                                   {product} {ergonomic}
   size_t MinHeapSize                              = 8388608                                   {product} {ergonomic}
    uintx NonProfiledCodeHeapSize                  = 0                                      {pd product} {ergonomic}
     bool ProfileInterpreter                       = false                                  {pd product} {command line}
    uintx ProfiledCodeHeapSize                     = 0                                      {pd product} {ergonomic}
   size_t SoftMaxHeapSize                          = 1035993088                             {manageable} {ergonomic}
     intx TieredStopAtLevel                        = 1                                         {product} {command line}
     bool UseCompressedClassPointers               = true                           {product lp64_product} {ergonomic}
     bool UseCompressedOops                        = true                           {product lp64_product} {ergonomic}
     bool UseG1GC                                  = true                                      {product} {ergonomic}
     bool UseLargePagesIndividualAllocation        = false                                  {pd product} {ergonomic}

Logging:
Log output configuration:
 #0: stdout all=warning uptime,level,tags
 #1: stderr all=off uptime,level,tags

Environment Variables:
PATH=C:\Program Files (x86)\Common Files\Oracle\Java\javapath;C:\WINDOWS\system32;C:\WINDOWS;C:\WINDOWS\System32\Wbem;C:\WINDOWS\System32\WindowsPowerShell\v1.0\;C:\WINDOWS\System32\OpenSSH\;C:\Program Files\Intel\WiFi\bin\;C:\Program Files\Common Files\Intel\WirelessCommon\;%JAVA_HOME%\bin;C:\Program Files\Intel\Intel(R) Memory and Storage Tool\;C:\Program Files\nodejs\;C:\Program Files\MongoDB\Server\5.0\bin;C:\Program Files\Git\cmd;C:\Program Files\Microsoft SQL Server\150\Tools\Binn\;C:\Program Files\Microsoft SQL Server\Client SDK\ODBC\170\Tools\Binn\;C:\Program Files\dotnet\;C:\Users\Admin\AppData\Local\Programs\Python\Python39\Scripts\;C:\Users\Admin\AppData\Local\Programs\Python\Python39\;C:\Users\Admin\AppData\Local\Microsoft\WindowsApps;;C:\Users\Admin\AppData\Local\Programs\Microsoft VS Code\bin;C:\Users\Admin\AppData\Roaming\npm;C:\Users\Admin\.dotnet\tools
USERNAME=Admin
OS=Windows_NT
PROCESSOR_IDENTIFIER=Intel64 Family 6 Model 142 Stepping 11, GenuineIntel



---------------  S Y S T E M  ---------------

OS:
 Windows 11 , 64 bit Build 22000 (10.0.22000.434)
OS uptime: 0 days 12:18 hours

CPU: total 8 (initial active 8) (4 cores per cpu, 2 threads per core) family 6 model 142 stepping 11 microcode 0xde, cx8, cmov, fxsr, ht, mmx, 3dnowpref, sse, sse2, sse3, ssse3, sse4.1, sse4.2, popcnt, lzcnt, tsc, tscinvbit, avx, avx2, aes, erms, clmul, bmi1, bmi2, adx, fma, vzeroupper, clflush, clflushopt

Memory: 4k page, system-wide physical 3947M (370M free)
TotalPageFile size 12139M (AvailPageFile size 2M)
current process WorkingSet (physical memory assigned to process): 10M, peak: 10M
current process commit charge ("private bytes"): 54M, peak: 116M

vm_info: OpenJDK 64-Bit Server VM (17.0.2+8-86) for windows-amd64 JRE (17.0.2+8-86), built on Dec  7 2021 21:49:10 by "mach5one" with MS VC++ 16.8 / 16.9 (VS2019)

END.
