#
# There is insufficient memory for the Java Runtime Environment to continue.
# Native memory allocation (mmap) failed to map 65536 bytes for Failed to commit metaspace.
# Possible reasons:
#   The system is out of physical RAM or swap space
#   The process is running with CompressedOops enabled, and the Java Heap may be blocking the growth of the native heap
# Possible solutions:
#   Reduce memory load on the system
#   Increase physical memory or swap space
#   Check if swap backing store is full
#   Decrease Java heap size (-Xmx/-Xms)
#   Decrease number of Java threads
#   Decrease Java thread stack sizes (-Xss)
#   Set larger code cache with -XX:ReservedCodeCacheSize=
#   JVM is running with Unscaled Compressed Oops mode in which the Java heap is
#     placed in the first 4GB address space. The Java Heap base address is the
#     maximum limit for the native heap growth. Please use -XX:HeapBaseMinAddress
#     to set the Java Heap base and to place the Java Heap above 4GB virtual address.
# This output file may be truncated or incomplete.
#
#  Out of Memory Error (virtualSpaceNode.cpp:110), pid=23532, tid=7112
#
# JRE version: OpenJDK Runtime Environment (17.0.2+8) (build 17.0.2+8-86)
# Java VM: OpenJDK 64-Bit Server VM (17.0.2+8-86, mixed mode, emulated-client, sharing, tiered, compressed oops, compressed class ptrs, g1 gc, windows-amd64)
# No core dump will be written. Minidumps are not enabled by default on client versions of Windows
#

---------------  S U M M A R Y ------------

Command Line: -XX:TieredStopAtLevel=1 -Xverify:none -Dspring.output.ansi.enabled=always -Dcom.sun.management.jmxremote -Dspring.jmx.enabled=true -Dspring.liveBeansView.mbeanDomain -Dspring.application.admin.enabled=true -javaagent:C:\Program Files\JetBrains\IntelliJ IDEA 2021.3.2\lib\idea_rt.jar=49341:C:\Program Files\JetBrains\IntelliJ IDEA 2021.3.2\bin -Dfile.encoding=UTF-8 com.bus.BusExperimentApplication

Host: Intel(R) Core(TM) i5-8265U CPU @ 1.60GHz, 8 cores, 3G,  Windows 11 , 64 bit Build 22000 (10.0.22000.434)
Time: Thu Mar 10 23:41:37 2022 SE Asia Standard Time elapsed time: 6.776027 seconds (0d 0h 0m 6s)

---------------  T H R E A D  ---------------

Current thread (0x0000019c6cc779a0):  JavaThread "restartedMain" [_thread_in_vm, id=7112, stack(0x0000003583a00000,0x0000003583b00000)]

Stack: [0x0000003583a00000,0x0000003583b00000]
Native frames: (J=compiled Java code, j=interpreted, Vv=VM code, C=native code)
V  [jvm.dll+0x670baa]
V  [jvm.dll+0x7cfcb4]
V  [jvm.dll+0x7d145e]
V  [jvm.dll+0x7d1ac3]
V  [jvm.dll+0x242bc5]
V  [jvm.dll+0x7cbc5b]
V  [jvm.dll+0x616966]
V  [jvm.dll+0x1be3ee]
V  [jvm.dll+0x6192a1]
V  [jvm.dll+0x617306]
V  [jvm.dll+0x23718f]
V  [jvm.dll+0x621015]
V  [jvm.dll+0x1e7e2b]
V  [jvm.dll+0x1e8365]
V  [jvm.dll+0x1e8d9f]
V  [jvm.dll+0x1de251]
V  [jvm.dll+0x537c30]
V  [jvm.dll+0x74ad28]
V  [jvm.dll+0x74ae14]
V  [jvm.dll+0x408cc5]
V  [jvm.dll+0x40ed18]
C  [java.dll+0x17ec]

Java frames: (J=compiled Java code, j=interpreted, Vv=VM code)
J 1173  java.lang.ClassLoader.defineClass1(Ljava/lang/ClassLoader;Ljava/lang/String;[BIILjava/security/ProtectionDomain;Ljava/lang/String;)Ljava/lang/Class; java.base@17.0.2 (0 bytes) @ 0x0000019c631c55e3 [0x0000019c631c5520+0x00000000000000c3]
J 1345 c1 java.lang.ClassLoader.defineClass(Ljava/lang/String;[BIILjava/security/ProtectionDomain;)Ljava/lang/Class; java.base@17.0.2 (43 bytes) @ 0x0000019c6320c5dc [0x0000019c6320c4e0+0x00000000000000fc]
J 1346 c1 jdk.internal.loader.BuiltinClassLoader.defineClass(Ljava/lang/String;Ljdk/internal/loader/Resource;)Ljava/lang/Class; java.base@17.0.2 (121 bytes) @ 0x0000019c6320e1e4 [0x0000019c6320dd20+0x00000000000004c4]
J 1179 c1 jdk.internal.loader.BuiltinClassLoader.findClassOnClassPathOrNull(Ljava/lang/String;)Ljava/lang/Class; java.base@17.0.2 (64 bytes) @ 0x0000019c631c9934 [0x0000019c631c9680+0x00000000000002b4]
J 1029 c1 jdk.internal.loader.BuiltinClassLoader.loadClassOrNull(Ljava/lang/String;Z)Ljava/lang/Class; java.base@17.0.2 (143 bytes) @ 0x0000019c6318a95c [0x0000019c6318a500+0x000000000000045c]
J 1196 c1 jdk.internal.loader.ClassLoaders$AppClassLoader.loadClass(Ljava/lang/String;Z)Ljava/lang/Class; java.base@17.0.2 (40 bytes) @ 0x0000019c631d23a4 [0x0000019c631d2260+0x0000000000000144]
J 1090 c1 java.lang.ClassLoader.loadClass(Ljava/lang/String;)Ljava/lang/Class; java.base@17.0.2 (7 bytes) @ 0x0000019c631a6864 [0x0000019c631a6820+0x0000000000000044]
v  ~StubRoutines::call_stub
J 1173  java.lang.ClassLoader.defineClass1(Ljava/lang/ClassLoader;Ljava/lang/String;[BIILjava/security/ProtectionDomain;Ljava/lang/String;)Ljava/lang/Class; java.base@17.0.2 (0 bytes) @ 0x0000019c631c55e3 [0x0000019c631c5520+0x00000000000000c3]
J 1345 c1 java.lang.ClassLoader.defineClass(Ljava/lang/String;[BIILjava/security/ProtectionDomain;)Ljava/lang/Class; java.base@17.0.2 (43 bytes) @ 0x0000019c6320c5dc [0x0000019c6320c4e0+0x00000000000000fc]
J 1346 c1 jdk.internal.loader.BuiltinClassLoader.defineClass(Ljava/lang/String;Ljdk/internal/loader/Resource;)Ljava/lang/Class; java.base@17.0.2 (121 bytes) @ 0x0000019c6320e1e4 [0x0000019c6320dd20+0x00000000000004c4]
J 1179 c1 jdk.internal.loader.BuiltinClassLoader.findClassOnClassPathOrNull(Ljava/lang/String;)Ljava/lang/Class; java.base@17.0.2 (64 bytes) @ 0x0000019c631c9934 [0x0000019c631c9680+0x00000000000002b4]
J 1029 c1 jdk.internal.loader.BuiltinClassLoader.loadClassOrNull(Ljava/lang/String;Z)Ljava/lang/Class; java.base@17.0.2 (143 bytes) @ 0x0000019c6318a95c [0x0000019c6318a500+0x000000000000045c]
J 1196 c1 jdk.internal.loader.ClassLoaders$AppClassLoader.loadClass(Ljava/lang/String;Z)Ljava/lang/Class; java.base@17.0.2 (40 bytes) @ 0x0000019c631d23a4 [0x0000019c631d2260+0x0000000000000144]
J 1090 c1 java.lang.ClassLoader.loadClass(Ljava/lang/String;)Ljava/lang/Class; java.base@17.0.2 (7 bytes) @ 0x0000019c631a6864 [0x0000019c631a6820+0x0000000000000044]
v  ~StubRoutines::call_stub
j  org.hibernate.persister.internal.StandardPersisterClassResolver.basicCollectionPersister()Ljava/lang/Class;+0
j  org.hibernate.persister.internal.StandardPersisterClassResolver.getCollectionPersisterClass(Lorg/hibernate/mapping/Collection;)Ljava/lang/Class;+15
j  org.hibernate.persister.internal.PersisterFactoryImpl.createCollectionPersister(Lorg/hibernate/mapping/Collection;Lorg/hibernate/cache/spi/access/CollectionDataAccess;Lorg/hibernate/persister/spi/PersisterCreationContext;)Lorg/hibernate/persister/collection/CollectionPersister;+26
j  org.hibernate.metamodel.internal.MetamodelImpl.initialize(Lorg/hibernate/boot/spi/MetadataImplementor;Lorg/hibernate/metamodel/internal/JpaMetaModelPopulationSetting;)V+432
j  org.hibernate.internal.SessionFactoryImpl.<init>(Lorg/hibernate/boot/spi/MetadataImplementor;Lorg/hibernate/boot/spi/SessionFactoryOptions;Lorg/hibernate/engine/query/spi/QueryPlanCache$QueryPlanCreator;)V+668
j  org.hibernate.boot.internal.SessionFactoryBuilderImpl.build()Lorg/hibernate/SessionFactory;+64
j  org.hibernate.jpa.boot.internal.EntityManagerFactoryBuilderImpl.build()Ljavax/persistence/EntityManagerFactory;+20
j  org.springframework.orm.jpa.vendor.SpringHibernateJpaPersistenceProvider.createContainerEntityManagerFactory(Ljavax/persistence/spi/PersistenceUnitInfo;Ljava/util/Map;)Ljavax/persistence/EntityManagerFactory;+55
j  org.springframework.orm.jpa.LocalContainerEntityManagerFactoryBean.createNativeEntityManagerFactory()Ljavax/persistence/EntityManagerFactory;+129
j  org.springframework.orm.jpa.AbstractEntityManagerFactoryBean.buildNativeEntityManagerFactory()Ljavax/persistence/EntityManagerFactory;+1
j  org.springframework.orm.jpa.AbstractEntityManagerFactoryBean.afterPropertiesSet()V+192
j  org.springframework.orm.jpa.LocalContainerEntityManagerFactoryBean.afterPropertiesSet()V+77
j  org.springframework.beans.factory.support.AbstractAutowireCapableBeanFactory.invokeInitMethods(Ljava/lang/String;Ljava/lang/Object;Lorg/springframework/beans/factory/support/RootBeanDefinition;)V+106
j  org.springframework.beans.factory.support.AbstractAutowireCapableBeanFactory.initializeBean(Ljava/lang/String;Ljava/lang/Object;Lorg/springframework/beans/factory/support/RootBeanDefinition;)Ljava/lang/Object;+59
j  org.springframework.beans.factory.support.AbstractAutowireCapableBeanFactory.doCreateBean(Ljava/lang/String;Lorg/springframework/beans/factory/support/RootBeanDefinition;[Ljava/lang/Object;)Ljava/lang/Object;+245
j  org.springframework.beans.factory.support.AbstractAutowireCapableBeanFactory.createBean(Ljava/lang/String;Lorg/springframework/beans/factory/support/RootBeanDefinition;[Ljava/lang/Object;)Ljava/lang/Object;+169
j  org.springframework.beans.factory.support.AbstractBeanFactory.lambda$doGetBean$0(Ljava/lang/String;Lorg/springframework/beans/factory/support/RootBeanDefinition;[Ljava/lang/Object;)Ljava/lang/Object;+4
j  org.springframework.beans.factory.support.AbstractBeanFactory$$Lambda$329+0x0000000800dc6b48.getObject()Ljava/lang/Object;+16
j  org.springframework.beans.factory.support.DefaultSingletonBeanRegistry.getSingleton(Ljava/lang/String;Lorg/springframework/beans/factory/ObjectFactory;)Ljava/lang/Object;+132
J 2936 c1 org.springframework.beans.factory.support.AbstractBeanFactory.doGetBean(Ljava/lang/String;Ljava/lang/Class;[Ljava/lang/Object;Z)Ljava/lang/Object; (832 bytes) @ 0x0000019c63494bd4 [0x0000019c63494600+0x00000000000005d4]
j  org.springframework.beans.factory.support.AbstractBeanFactory.getBean(Ljava/lang/String;)Ljava/lang/Object;+5
j  org.springframework.context.support.AbstractApplicationContext.getBean(Ljava/lang/String;)Ljava/lang/Object;+9
j  org.springframework.context.support.AbstractApplicationContext.finishBeanFactoryInitialization(Lorg/springframework/beans/factory/config/ConfigurableListableBeanFactory;)V+100
j  org.springframework.context.support.AbstractApplicationContext.refresh()V+86
j  org.springframework.boot.web.servlet.context.ServletWebServerApplicationContext.refresh()V+1
j  org.springframework.boot.SpringApplication.refresh(Lorg/springframework/context/ConfigurableApplicationContext;)V+1
j  org.springframework.boot.SpringApplication.refreshContext(Lorg/springframework/context/ConfigurableApplicationContext;)V+16
j  org.springframework.boot.SpringApplication.run([Ljava/lang/String;)Lorg/springframework/context/ConfigurableApplicationContext;+111
j  org.springframework.boot.SpringApplication.run([Ljava/lang/Class;[Ljava/lang/String;)Lorg/springframework/context/ConfigurableApplicationContext;+9
j  org.springframework.boot.SpringApplication.run(Ljava/lang/Class;[Ljava/lang/String;)Lorg/springframework/context/ConfigurableApplicationContext;+9
j  com.bus.BusExperimentApplication.main([Ljava/lang/String;)V+3
v  ~StubRoutines::call_stub
j  jdk.internal.reflect.NativeMethodAccessorImpl.invoke0(Ljava/lang/reflect/Method;Ljava/lang/Object;[Ljava/lang/Object;)Ljava/lang/Object;+0 java.base@17.0.2
j  jdk.internal.reflect.NativeMethodAccessorImpl.invoke(Ljava/lang/Object;[Ljava/lang/Object;)Ljava/lang/Object;+133 java.base@17.0.2
j  jdk.internal.reflect.DelegatingMethodAccessorImpl.invoke(Ljava/lang/Object;[Ljava/lang/Object;)Ljava/lang/Object;+6 java.base@17.0.2
j  java.lang.reflect.Method.invoke(Ljava/lang/Object;[Ljava/lang/Object;)Ljava/lang/Object;+59 java.base@17.0.2
j  org.springframework.boot.devtools.restart.RestartLauncher.run()V+42
v  ~StubRoutines::call_stub

---------------  P R O C E S S  ---------------

Threads class SMR info:
_java_thread_list=0x0000019c6e5c4730, length=21, elements={
0x0000019c59ecbd20, 0x0000019c59f91910, 0x0000019c59f92780, 0x0000019c6b6a4d00,
0x0000019c6b6a55c0, 0x0000019c6b6a6e90, 0x0000019c6b6a7750, 0x0000019c6b6ac610,
0x0000019c6b6d5020, 0x0000019c59f7f060, 0x0000019c6c491120, 0x0000019c6c4915f0,
0x0000019c6c95a3e0, 0x0000019c6cc77050, 0x0000019c6cc779a0, 0x0000019c6e32edc0,
0x0000019c6e328130, 0x0000019c6e348d30, 0x0000019c6e32e870, 0x0000019c6e492bc0,
0x0000019c6e493560
}

Java Threads: ( => current thread )
  0x0000019c59ecbd20 JavaThread "main" [_thread_blocked, id=21100, stack(0x0000003582500000,0x0000003582600000)]
  0x0000019c59f91910 JavaThread "Reference Handler" daemon [_thread_blocked, id=4664, stack(0x0000003582c00000,0x0000003582d00000)]
  0x0000019c59f92780 JavaThread "Finalizer" daemon [_thread_blocked, id=22628, stack(0x0000003582d00000,0x0000003582e00000)]
  0x0000019c6b6a4d00 JavaThread "Signal Dispatcher" daemon [_thread_blocked, id=12756, stack(0x0000003582e00000,0x0000003582f00000)]
  0x0000019c6b6a55c0 JavaThread "Attach Listener" daemon [_thread_blocked, id=20772, stack(0x0000003582f00000,0x0000003583000000)]
  0x0000019c6b6a6e90 JavaThread "Service Thread" daemon [_thread_blocked, id=15844, stack(0x0000003583000000,0x0000003583100000)]
  0x0000019c6b6a7750 JavaThread "Monitor Deflation Thread" daemon [_thread_blocked, id=22844, stack(0x0000003583100000,0x0000003583200000)]
  0x0000019c6b6ac610 JavaThread "C1 CompilerThread0" daemon [_thread_blocked, id=9804, stack(0x0000003583200000,0x0000003583300000)]
  0x0000019c6b6d5020 JavaThread "Sweeper thread" daemon [_thread_blocked, id=22760, stack(0x0000003583300000,0x0000003583400000)]
  0x0000019c59f7f060 JavaThread "Common-Cleaner" daemon [_thread_blocked, id=22156, stack(0x0000003583400000,0x0000003583500000)]
  0x0000019c6c491120 JavaThread "Monitor Ctrl-Break" daemon [_thread_in_native, id=1196, stack(0x0000003583500000,0x0000003583600000)]
  0x0000019c6c4915f0 JavaThread "Notification Thread" daemon [_thread_blocked, id=320, stack(0x0000003583600000,0x0000003583700000)]
  0x0000019c6c95a3e0 JavaThread "RMI TCP Accept-0" daemon [_thread_in_native, id=14560, stack(0x0000003583700000,0x0000003583800000)]
  0x0000019c6cc77050 JavaThread "Thread-0" [_thread_blocked, id=23208, stack(0x0000003583900000,0x0000003583a00000)]
=>0x0000019c6cc779a0 JavaThread "restartedMain" [_thread_in_vm, id=7112, stack(0x0000003583a00000,0x0000003583b00000)]
  0x0000019c6e32edc0 JavaThread "Catalina-utility-1" [_thread_blocked, id=22644, stack(0x0000003584500000,0x0000003584600000)]
  0x0000019c6e328130 JavaThread "Catalina-utility-2" [_thread_blocked, id=13224, stack(0x0000003584600000,0x0000003584700000)]
  0x0000019c6e348d30 JavaThread "container-0" [_thread_blocked, id=19852, stack(0x0000003584700000,0x0000003584800000)]
  0x0000019c6e32e870 JavaThread "mysql-cj-abandoned-connection-cleanup" daemon [_thread_blocked, id=15736, stack(0x0000003584800000,0x0000003584900000)]
  0x0000019c6e492bc0 JavaThread "HikariPool-1 housekeeper" daemon [_thread_blocked, id=21700, stack(0x0000003584a00000,0x0000003584b00000)]
  0x0000019c6e493560 JavaThread "HikariPool-1 connection adder" daemon [_thread_blocked, id=16908, stack(0x0000003584b00000,0x0000003584c00000)]

Other Threads:
  0x0000019c59f8bd00 VMThread "VM Thread" [stack: 0x0000003582b00000,0x0000003582c00000] [id=15412]
  0x0000019c59f25820 WatcherThread [stack: 0x0000003583800000,0x0000003583900000] [id=22832]
  0x0000019c59efa130 GCTaskThread "GC Thread#0" [stack: 0x0000003582600000,0x0000003582700000] [id=12472]
  0x0000019c6cc93e50 GCTaskThread "GC Thread#1" [stack: 0x0000003583b00000,0x0000003583c00000] [id=19120]
  0x0000019c6cce0fa0 GCTaskThread "GC Thread#2" [stack: 0x0000003583c00000,0x0000003583d00000] [id=19660]
  0x0000019c6cce3260 GCTaskThread "GC Thread#3" [stack: 0x0000003583d00000,0x0000003583e00000] [id=20876]
  0x0000019c6cce3990 GCTaskThread "GC Thread#4" [stack: 0x0000003583e00000,0x0000003583f00000] [id=10380]
  0x0000019c6cce40c0 GCTaskThread "GC Thread#5" [stack: 0x0000003583f00000,0x0000003584000000] [id=11788]
  0x0000019c6cd14be0 GCTaskThread "GC Thread#6" [stack: 0x0000003584000000,0x0000003584100000] [id=8072]
  0x0000019c6cd14e90 GCTaskThread "GC Thread#7" [stack: 0x0000003584100000,0x0000003584200000] [id=17488]
  0x0000019c59f02bf0 ConcurrentGCThread "G1 Main Marker" [stack: 0x0000003582700000,0x0000003582800000] [id=20828]
  0x0000019c59f03da0 ConcurrentGCThread "G1 Conc#0" [stack: 0x0000003582800000,0x0000003582900000] [id=14444]
  0x0000019c6ddd1070 ConcurrentGCThread "G1 Conc#1" [stack: 0x0000003584400000,0x0000003584500000] [id=18920]
  0x0000019c59f55c30 ConcurrentGCThread "G1 Refine#0" [stack: 0x0000003582900000,0x0000003582a00000] [id=22624]
  0x0000019c6cceb5f0 ConcurrentGCThread "G1 Refine#1" [stack: 0x0000003584200000,0x0000003584300000] [id=14592]
  0x0000019c6cce6b70 ConcurrentGCThread "G1 Refine#2" [stack: 0x0000003584300000,0x0000003584400000] [id=23288]
  0x0000019c59f56650 ConcurrentGCThread "G1 Service" [stack: 0x0000003582a00000,0x0000003582b00000] [id=9284]

Threads with active compile tasks:

VM state: not at safepoint (normal execution)

VM Mutex/Monitor currently owned by a thread:  ([mutex/lock_event])
[0x0000019c59ec7910] Metaspace_lock - owner thread: 0x0000019c6cc779a0

Heap address: 0x00000000c2400000, size: 988 MB, Compressed Oops mode: 32-bit

CDS archive(s) mapped at: [0x0000000800000000-0x0000000800bc0000-0x0000000800bc0000), size 12320768, SharedBaseAddress: 0x0000000800000000, ArchiveRelocationMode: 0.
Compressed class space mapped at: 0x0000000800c00000-0x0000000840c00000, reserved size: 1073741824
Narrow klass base: 0x0000000800000000, Narrow klass shift: 0, Narrow klass range: 0x100000000

GC Precious Log:
 CPUs: 8 total, 8 available
 Memory: 3947M
 Large Page Support: Disabled
 NUMA Support: Disabled
 Compressed Oops: Enabled (32-bit)
 Heap Region Size: 1M
 Heap Min Capacity: 8M
 Heap Initial Capacity: 62M
 Heap Max Capacity: 988M
 Pre-touch: Disabled
 Parallel Workers: 8
 Concurrent Workers: 2
 Concurrent Refinement Workers: 8
 Periodic GC: Disabled

Heap:
 garbage-first heap   total 66560K, used 26797K [0x00000000c2400000, 0x0000000100000000)
  region size 1024K, 9 young (9216K), 2 survivors (2048K)
 Metaspace       used 41459K, committed 41792K, reserved 1089536K
  class space    used 5779K, committed 5952K, reserved 1048576K

Heap Regions: E=young(eden), S=young(survivor), O=old, HS=humongous(starts), HC=humongous(continues), CS=collection set, F=free, OA=open archive, CA=closed archive, TAMS=top-at-mark-start (previous, next)
|   0|0x00000000c2400000, 0x00000000c2500000, 0x00000000c2500000|100%|HS|  |TAMS 0x00000000c2500000, 0x00000000c2400000| Complete 
|   1|0x00000000c2500000, 0x00000000c2600000, 0x00000000c2600000|100%| O|  |TAMS 0x00000000c2600000, 0x00000000c2500000| Untracked 
|   2|0x00000000c2600000, 0x00000000c2700000, 0x00000000c2700000|100%| O|  |TAMS 0x00000000c2700000, 0x00000000c2600000| Untracked 
|   3|0x00000000c2700000, 0x00000000c2800000, 0x00000000c2800000|100%| O|  |TAMS 0x00000000c2800000, 0x00000000c2700000| Untracked 
|   4|0x00000000c2800000, 0x00000000c2900000, 0x00000000c2900000|100%| O|  |TAMS 0x00000000c2900000, 0x00000000c2800000| Untracked 
|   5|0x00000000c2900000, 0x00000000c2a00000, 0x00000000c2a00000|100%| O|  |TAMS 0x00000000c2a00000, 0x00000000c2900000| Untracked 
|   6|0x00000000c2a00000, 0x00000000c2b00000, 0x00000000c2b00000|100%| O|  |TAMS 0x00000000c2b00000, 0x00000000c2a00000| Untracked 
|   7|0x00000000c2b00000, 0x00000000c2c00000, 0x00000000c2c00000|100%| O|  |TAMS 0x00000000c2c00000, 0x00000000c2b00000| Untracked 
|   8|0x00000000c2c00000, 0x00000000c2d00000, 0x00000000c2d00000|100%| O|  |TAMS 0x00000000c2d00000, 0x00000000c2c00000| Untracked 
|   9|0x00000000c2d00000, 0x00000000c2e00000, 0x00000000c2e00000|100%| O|  |TAMS 0x00000000c2e00000, 0x00000000c2d00000| Untracked 
|  10|0x00000000c2e00000, 0x00000000c2f00000, 0x00000000c2f00000|100%| O|  |TAMS 0x00000000c2e00000, 0x00000000c2e00000| Untracked 
|  11|0x00000000c2f00000, 0x00000000c3000000, 0x00000000c3000000|100%| O|  |TAMS 0x00000000c3000000, 0x00000000c2f00000| Untracked 
|  12|0x00000000c3000000, 0x00000000c3100000, 0x00000000c3100000|100%| O|  |TAMS 0x00000000c3100000, 0x00000000c3000000| Untracked 
|  13|0x00000000c3100000, 0x00000000c3200000, 0x00000000c3200000|100%| O|  |TAMS 0x00000000c3200000, 0x00000000c3100000| Untracked 
|  14|0x00000000c3200000, 0x00000000c3300000, 0x00000000c3300000|100%| O|  |TAMS 0x00000000c3300000, 0x00000000c3200000| Untracked 
|  15|0x00000000c3300000, 0x00000000c3400000, 0x00000000c3400000|100%| O|  |TAMS 0x00000000c3400000, 0x00000000c3300000| Untracked 
|  16|0x00000000c3400000, 0x00000000c3500000, 0x00000000c3500000|100%| O|  |TAMS 0x00000000c34d6000, 0x00000000c3400000| Untracked 
|  17|0x00000000c3500000, 0x00000000c3600000, 0x00000000c3600000|100%| O|  |TAMS 0x00000000c3500000, 0x00000000c3500000| Untracked 
|  18|0x00000000c3600000, 0x00000000c36b1200, 0x00000000c3700000| 69%| O|  |TAMS 0x00000000c3600000, 0x00000000c3600000| Untracked 
|  19|0x00000000c3700000, 0x00000000c3700000, 0x00000000c3800000|  0%| F|  |TAMS 0x00000000c3700000, 0x00000000c3700000| Untracked 
|  20|0x00000000c3800000, 0x00000000c3800000, 0x00000000c3900000|  0%| F|  |TAMS 0x00000000c3800000, 0x00000000c3800000| Untracked 
|  21|0x00000000c3900000, 0x00000000c3900000, 0x00000000c3a00000|  0%| F|  |TAMS 0x00000000c3900000, 0x00000000c3900000| Untracked 
|  22|0x00000000c3a00000, 0x00000000c3a00000, 0x00000000c3b00000|  0%| F|  |TAMS 0x00000000c3a00000, 0x00000000c3a00000| Untracked 
|  23|0x00000000c3b00000, 0x00000000c3b00000, 0x00000000c3c00000|  0%| F|  |TAMS 0x00000000c3b00000, 0x00000000c3b00000| Untracked 
|  24|0x00000000c3c00000, 0x00000000c3c00000, 0x00000000c3d00000|  0%| F|  |TAMS 0x00000000c3c00000, 0x00000000c3c00000| Untracked 
|  25|0x00000000c3d00000, 0x00000000c3d00000, 0x00000000c3e00000|  0%| F|  |TAMS 0x00000000c3d00000, 0x00000000c3d00000| Untracked 
|  26|0x00000000c3e00000, 0x00000000c3e00000, 0x00000000c3f00000|  0%| F|  |TAMS 0x00000000c3e00000, 0x00000000c3e00000| Untracked 
|  27|0x00000000c3f00000, 0x00000000c3f00000, 0x00000000c4000000|  0%| F|  |TAMS 0x00000000c3f00000, 0x00000000c3f00000| Untracked 
|  28|0x00000000c4000000, 0x00000000c4000000, 0x00000000c4100000|  0%| F|  |TAMS 0x00000000c4000000, 0x00000000c4000000| Untracked 
|  29|0x00000000c4100000, 0x00000000c4100000, 0x00000000c4200000|  0%| F|  |TAMS 0x00000000c4100000, 0x00000000c4100000| Untracked 
|  30|0x00000000c4200000, 0x00000000c4200000, 0x00000000c4300000|  0%| F|  |TAMS 0x00000000c4200000, 0x00000000c4200000| Untracked 
|  31|0x00000000c4300000, 0x00000000c437a538, 0x00000000c4400000| 47%| S|CS|TAMS 0x00000000c4300000, 0x00000000c4300000| Complete 
|  32|0x00000000c4400000, 0x00000000c4400000, 0x00000000c4500000|  0%| F|  |TAMS 0x00000000c4400000, 0x00000000c4400000| Untracked 
|  33|0x00000000c4500000, 0x00000000c4500000, 0x00000000c4600000|  0%| F|  |TAMS 0x00000000c4500000, 0x00000000c4500000| Untracked 
|  34|0x00000000c4600000, 0x00000000c4600000, 0x00000000c4700000|  0%| F|  |TAMS 0x00000000c4600000, 0x00000000c4600000| Untracked 
|  35|0x00000000c4700000, 0x00000000c4800000, 0x00000000c4800000|100%| S|CS|TAMS 0x00000000c4700000, 0x00000000c4700000| Complete 
|  36|0x00000000c4800000, 0x00000000c4800000, 0x00000000c4900000|  0%| F|  |TAMS 0x00000000c4800000, 0x00000000c4800000| Untracked 
|  37|0x00000000c4900000, 0x00000000c4900000, 0x00000000c4a00000|  0%| F|  |TAMS 0x00000000c4900000, 0x00000000c4900000| Untracked 
|  38|0x00000000c4a00000, 0x00000000c4a00000, 0x00000000c4b00000|  0%| F|  |TAMS 0x00000000c4a00000, 0x00000000c4a00000| Untracked 
|  39|0x00000000c4b00000, 0x00000000c4b00000, 0x00000000c4c00000|  0%| F|  |TAMS 0x00000000c4b00000, 0x00000000c4b00000| Untracked 
|  40|0x00000000c4c00000, 0x00000000c4c00000, 0x00000000c4d00000|  0%| F|  |TAMS 0x00000000c4c00000, 0x00000000c4c00000| Untracked 
|  41|0x00000000c4d00000, 0x00000000c4d00000, 0x00000000c4e00000|  0%| F|  |TAMS 0x00000000c4d00000, 0x00000000c4d00000| Untracked 
|  42|0x00000000c4e00000, 0x00000000c4e00000, 0x00000000c4f00000|  0%| F|  |TAMS 0x00000000c4e00000, 0x00000000c4e00000| Untracked 
|  43|0x00000000c4f00000, 0x00000000c4f00000, 0x00000000c5000000|  0%| F|  |TAMS 0x00000000c4f00000, 0x00000000c4f00000| Untracked 
|  44|0x00000000c5000000, 0x00000000c5000000, 0x00000000c5100000|  0%| F|  |TAMS 0x00000000c5000000, 0x00000000c5000000| Untracked 
|  45|0x00000000c5100000, 0x00000000c5100000, 0x00000000c5200000|  0%| F|  |TAMS 0x00000000c5100000, 0x00000000c5100000| Untracked 
|  46|0x00000000c5200000, 0x00000000c5200000, 0x00000000c5300000|  0%| F|  |TAMS 0x00000000c5200000, 0x00000000c5200000| Untracked 
|  47|0x00000000c5300000, 0x00000000c5300000, 0x00000000c5400000|  0%| F|  |TAMS 0x00000000c5300000, 0x00000000c5300000| Untracked 
|  48|0x00000000c5400000, 0x00000000c5400000, 0x00000000c5500000|  0%| F|  |TAMS 0x00000000c5400000, 0x00000000c5400000| Untracked 
|  49|0x00000000c5500000, 0x00000000c5500000, 0x00000000c5600000|  0%| F|  |TAMS 0x00000000c5500000, 0x00000000c5500000| Untracked 
|  50|0x00000000c5600000, 0x00000000c5600000, 0x00000000c5700000|  0%| F|  |TAMS 0x00000000c5600000, 0x00000000c5600000| Untracked 
|  51|0x00000000c5700000, 0x00000000c5700000, 0x00000000c5800000|  0%| F|  |TAMS 0x00000000c5700000, 0x00000000c5700000| Untracked 
|  52|0x00000000c5800000, 0x00000000c5800000, 0x00000000c5900000|  0%| F|  |TAMS 0x00000000c5800000, 0x00000000c5800000| Untracked 
|  53|0x00000000c5900000, 0x00000000c5900000, 0x00000000c5a00000|  0%| F|  |TAMS 0x00000000c5900000, 0x00000000c5900000| Untracked 
|  54|0x00000000c5a00000, 0x00000000c5a00000, 0x00000000c5b00000|  0%| F|  |TAMS 0x00000000c5a00000, 0x00000000c5a00000| Untracked 
|  55|0x00000000c5b00000, 0x00000000c5b00000, 0x00000000c5c00000|  0%| F|  |TAMS 0x00000000c5b00000, 0x00000000c5b00000| Untracked 
|  56|0x00000000c5c00000, 0x00000000c5c00000, 0x00000000c5d00000|  0%| F|  |TAMS 0x00000000c5c00000, 0x00000000c5c00000| Untracked 
|  57|0x00000000c5d00000, 0x00000000c5d00000, 0x00000000c5e00000|  0%| F|  |TAMS 0x00000000c5d00000, 0x00000000c5d00000| Untracked 
|  58|0x00000000c5e00000, 0x00000000c5ef5d90, 0x00000000c5f00000| 96%| E|  |TAMS 0x00000000c5e00000, 0x00000000c5e00000| Complete 
|  59|0x00000000c5f00000, 0x00000000c6000000, 0x00000000c6000000|100%| E|CS|TAMS 0x00000000c5f00000, 0x00000000c5f00000| Complete 
|  60|0x00000000c6000000, 0x00000000c6100000, 0x00000000c6100000|100%| E|CS|TAMS 0x00000000c6000000, 0x00000000c6000000| Complete 
|  61|0x00000000c6100000, 0x00000000c6200000, 0x00000000c6200000|100%| E|CS|TAMS 0x00000000c6100000, 0x00000000c6100000| Complete 
|  62|0x00000000c6200000, 0x00000000c6300000, 0x00000000c6300000|100%| E|CS|TAMS 0x00000000c6200000, 0x00000000c6200000| Complete 
|  63|0x00000000c6300000, 0x00000000c6400000, 0x00000000c6400000|100%| E|CS|TAMS 0x00000000c6300000, 0x00000000c6300000| Complete 
|  64|0x00000000c6400000, 0x00000000c6500000, 0x00000000c6500000|100%| E|CS|TAMS 0x00000000c6400000, 0x00000000c6400000| Complete 

Card table byte_map: [0x0000019c669e0000,0x0000019c66bd0000] _byte_map_base: 0x0000019c663ce000

Marking Bits (Prev, Next): (CMBitMap*) 0x0000019c59efa740, (CMBitMap*) 0x0000019c59efa780
 Prev Bits: [0x0000019c66dc0000, 0x0000019c67d30000)
 Next Bits: [0x0000019c67d30000, 0x0000019c68ca0000)

Polling page: 0x0000019c59fa0000

Metaspace:

Usage:
  Non-class:     34.84 MB used.
      Class:      5.64 MB used.
       Both:     40.49 MB used.

Virtual space:
  Non-class space:       40.00 MB reserved,      35.00 MB ( 88%) committed,  5 nodes.
      Class space:        1.00 GB reserved,       5.81 MB ( <1%) committed,  1 nodes.
             Both:        1.04 GB reserved,      40.81 MB (  4%) committed. 

Chunk freelists:
   Non-Class:  880.00 KB
       Class:  2.20 MB
        Both:  3.06 MB

MaxMetaspaceSize: unlimited
CompressedClassSpaceSize: 1.00 GB
Initial GC threshold: 21.00 MB
Current GC threshold: 59.06 MB
CDS: on
MetaspaceReclaimPolicy: balanced
 - commit_granule_bytes: 65536.
 - commit_granule_words: 8192.
 - virtual_space_node_default_size: 1048576.
 - enlarge_chunks_in_place: 1.
 - new_chunks_are_fully_committed: 0.
 - uncommit_free_chunks: 1.
 - use_allocation_guard: 0.
 - handle_deallocations: 1.


Internal statistics:

num_allocs_failed_limit: 6.
num_arena_births: 394.
num_arena_deaths: 0.
num_vsnodes_births: 6.
num_vsnodes_deaths: 0.
num_space_committed: 653.
num_space_uncommitted: 0.
num_chunks_returned_to_freelist: 6.
num_chunks_taken_from_freelist: 1780.
num_chunk_merges: 3.
num_chunk_splits: 1230.
num_chunks_enlarged: 939.
num_purges: 0.
num_inconsistent_stats: 0.

CodeCache: size=49152Kb used=8636Kb max_used=8636Kb free=40515Kb
 bounds [0x0000019c62f10000, 0x0000019c63780000, 0x0000019c65f10000]
 total_blobs=5386 nmethods=4764 adapters=549
 compilation: enabled
              stopped_count=0, restarted_count=0
 full_count=0

Compilation events (20 events):
Event: 6.768 Thread 0x0000019c6b6ac610 4758       1       net.bytebuddy.implementation.bytecode.member.FieldAccess::forField (45 bytes)
Event: 6.768 Thread 0x0000019c6b6ac610 nmethod 4758 0x0000019c6377b710 code [0x0000019c6377b8e0, 0x0000019c6377bce8]
Event: 6.768 Thread 0x0000019c6b6ac610 4759       1       net.bytebuddy.implementation.bytecode.member.FieldAccess$AccessDispatcher::<init> (15 bytes)
Event: 6.769 Thread 0x0000019c6b6ac610 nmethod 4759 0x0000019c6377be90 code [0x0000019c6377c020, 0x0000019c6377c178]
Event: 6.769 Thread 0x0000019c6b6ac610 4760       1       net.bytebuddy.implementation.bytecode.member.FieldAccess$AccessDispatcher$AbstractFieldInstruction::<init> (6 bytes)
Event: 6.769 Thread 0x0000019c6b6ac610 nmethod 4760 0x0000019c6377c210 code [0x0000019c6377c3a0, 0x0000019c6377c4b8]
Event: 6.769 Thread 0x0000019c6b6ac610 4754       1       net.bytebuddy.description.type.TypeDescription$Generic$Visitor$ForSignatureVisitor::<init> (10 bytes)
Event: 6.769 Thread 0x0000019c6b6ac610 nmethod 4754 0x0000019c6377c510 code [0x0000019c6377c6a0, 0x0000019c6377c7b8]
Event: 6.769 Thread 0x0000019c6b6ac610 4756       1       net.bytebuddy.description.type.TypeDescription$Generic$LazyProjection$OfConstructorParameter::resolve (95 bytes)
Event: 6.769 Thread 0x0000019c6b6ac610 nmethod 4756 0x0000019c6377c810 code [0x0000019c6377ca60, 0x0000019c6377d498]
Event: 6.769 Thread 0x0000019c6b6ac610 4757       1       net.bytebuddy.description.type.TypeDescription$Generic$LazyProjection$OfConstructorParameter::getAnnotationReader (17 bytes)
Event: 6.769 Thread 0x0000019c6b6ac610 nmethod 4757 0x0000019c6377d890 code [0x0000019c6377da20, 0x0000019c6377dc18]
Event: 6.769 Thread 0x0000019c6b6ac610 4763       1       net.bytebuddy.jar.asm.ByteVector::putInt (74 bytes)
Event: 6.770 Thread 0x0000019c6b6ac610 nmethod 4763 0x0000019c6377dd10 code [0x0000019c6377dea0, 0x0000019c6377e048]
Event: 6.770 Thread 0x0000019c6b6ac610 4762       1       net.bytebuddy.description.method.MethodDescription$AbstractBase::getStackSize (28 bytes)
Event: 6.770 Thread 0x0000019c6b6ac610 nmethod 4762 0x0000019c6377e190 code [0x0000019c6377e360, 0x0000019c6377e4f8]
Event: 6.770 Thread 0x0000019c6b6ac610 4764       1       org.hibernate.internal.util.StringHelper::safeInterning (11 bytes)
Event: 6.770 Thread 0x0000019c6b6ac610 nmethod 4764 0x0000019c6377e610 code [0x0000019c6377e7c0, 0x0000019c6377e8c8]
Event: 6.770 Thread 0x0000019c6b6ac610 4761       1       net.bytebuddy.implementation.bytecode.member.FieldAccess$AccessDispatcher$AbstractFieldInstruction::apply (71 bytes)
Event: 6.770 Thread 0x0000019c6b6ac610 nmethod 4761 0x0000019c6377e990 code [0x0000019c6377ebe0, 0x0000019c6377efb8]

GC Heap History (18 events):
Event: 2.447 GC heap before
{Heap before GC invocations=0 (full 0):
 garbage-first heap   total 63488K, used 23552K [0x00000000c2400000, 0x0000000100000000)
  region size 1024K, 23 young (23552K), 0 survivors (0K)
 Metaspace       used 6741K, committed 6976K, reserved 1056768K
  class space    used 813K, committed 896K, reserved 1048576K
}
Event: 2.456 GC heap after
{Heap after GC invocations=1 (full 0):
 garbage-first heap   total 63488K, used 7627K [0x00000000c2400000, 0x0000000100000000)
  region size 1024K, 3 young (3072K), 3 survivors (3072K)
 Metaspace       used 6741K, committed 6976K, reserved 1056768K
  class space    used 813K, committed 896K, reserved 1048576K
}
Event: 3.099 GC heap before
{Heap before GC invocations=1 (full 0):
 garbage-first heap   total 63488K, used 27083K [0x00000000c2400000, 0x0000000100000000)
  region size 1024K, 22 young (22528K), 3 survivors (3072K)
 Metaspace       used 10996K, committed 11264K, reserved 1064960K
  class space    used 1459K, committed 1600K, reserved 1048576K
}
Event: 3.103 GC heap after
{Heap after GC invocations=2 (full 0):
 garbage-first heap   total 63488K, used 9191K [0x00000000c2400000, 0x0000000100000000)
  region size 1024K, 2 young (2048K), 2 survivors (2048K)
 Metaspace       used 10996K, committed 11264K, reserved 1064960K
  class space    used 1459K, committed 1600K, reserved 1048576K
}
Event: 3.674 GC heap before
{Heap before GC invocations=2 (full 0):
 garbage-first heap   total 63488K, used 32743K [0x00000000c2400000, 0x0000000100000000)
  region size 1024K, 26 young (26624K), 2 survivors (2048K)
 Metaspace       used 15508K, committed 15808K, reserved 1064960K
  class space    used 2046K, committed 2176K, reserved 1048576K
}
Event: 3.686 GC heap after
{Heap after GC invocations=3 (full 0):
 garbage-first heap   total 63488K, used 10925K [0x00000000c2400000, 0x0000000100000000)
  region size 1024K, 4 young (4096K), 4 survivors (4096K)
 Metaspace       used 15508K, committed 15808K, reserved 1064960K
  class space    used 2046K, committed 2176K, reserved 1048576K
}
Event: 4.161 GC heap before
{Heap before GC invocations=3 (full 0):
 garbage-first heap   total 63488K, used 39597K [0x00000000c2400000, 0x0000000100000000)
  region size 1024K, 32 young (32768K), 4 survivors (4096K)
 Metaspace       used 18166K, committed 18496K, reserved 1064960K
  class space    used 2467K, committed 2624K, reserved 1048576K
}
Event: 4.170 GC heap after
{Heap after GC invocations=4 (full 0):
 garbage-first heap   total 63488K, used 12548K [0x00000000c2400000, 0x0000000100000000)
  region size 1024K, 4 young (4096K), 4 survivors (4096K)
 Metaspace       used 18166K, committed 18496K, reserved 1064960K
  class space    used 2467K, committed 2624K, reserved 1048576K
}
Event: 4.651 GC heap before
{Heap before GC invocations=4 (full 0):
 garbage-first heap   total 63488K, used 32004K [0x00000000c2400000, 0x0000000100000000)
  region size 1024K, 24 young (24576K), 4 survivors (4096K)
 Metaspace       used 21176K, committed 21504K, reserved 1073152K
  class space    used 2965K, committed 3136K, reserved 1048576K
}
Event: 4.659 GC heap after
{Heap after GC invocations=5 (full 0):
 garbage-first heap   total 63488K, used 14491K [0x00000000c2400000, 0x0000000100000000)
  region size 1024K, 4 young (4096K), 4 survivors (4096K)
 Metaspace       used 21176K, committed 21504K, reserved 1073152K
  class space    used 2965K, committed 3136K, reserved 1048576K
}
Event: 5.089 GC heap before
{Heap before GC invocations=6 (full 0):
 garbage-first heap   total 55296K, used 42139K [0x00000000c2400000, 0x0000000100000000)
  region size 1024K, 32 young (32768K), 4 survivors (4096K)
 Metaspace       used 24478K, committed 24896K, reserved 1073152K
  class space    used 3397K, committed 3584K, reserved 1048576K
}
Event: 5.103 GC heap after
{Heap after GC invocations=7 (full 0):
 garbage-first heap   total 55296K, used 16413K [0x00000000c2400000, 0x0000000100000000)
  region size 1024K, 3 young (3072K), 3 survivors (3072K)
 Metaspace       used 24478K, committed 24896K, reserved 1073152K
  class space    used 3397K, committed 3584K, reserved 1048576K
}
Event: 5.125 GC heap before
{Heap before GC invocations=7 (full 0):
 garbage-first heap   total 55296K, used 16413K [0x00000000c2400000, 0x0000000100000000)
  region size 1024K, 4 young (4096K), 3 survivors (3072K)
 Metaspace       used 24661K, committed 25024K, reserved 1073152K
  class space    used 3422K, committed 3584K, reserved 1048576K
}
Event: 5.133 GC heap after
{Heap after GC invocations=8 (full 0):
 garbage-first heap   total 66560K, used 16710K [0x00000000c2400000, 0x0000000100000000)
  region size 1024K, 1 young (1024K), 1 survivors (1024K)
 Metaspace       used 24661K, committed 25024K, reserved 1073152K
  class space    used 3422K, committed 3584K, reserved 1048576K
}
Event: 6.121 GC heap before
{Heap before GC invocations=8 (full 0):
 garbage-first heap   total 66560K, used 45382K [0x00000000c2400000, 0x0000000100000000)
  region size 1024K, 30 young (30720K), 1 survivors (1024K)
 Metaspace       used 35600K, committed 35968K, reserved 1081344K
  class space    used 4905K, committed 5120K, reserved 1048576K
}
Event: 6.125 GC heap after
{Heap after GC invocations=9 (full 0):
 garbage-first heap   total 66560K, used 19240K [0x00000000c2400000, 0x0000000100000000)
  region size 1024K, 3 young (3072K), 3 survivors (3072K)
 Metaspace       used 35600K, committed 35968K, reserved 1081344K
  class space    used 4905K, committed 5120K, reserved 1048576K
}
Event: 6.635 GC heap before
{Heap before GC invocations=10 (full 0):
 garbage-first heap   total 66560K, used 47912K [0x00000000c2400000, 0x0000000100000000)
  region size 1024K, 32 young (32768K), 3 survivors (3072K)
 Metaspace       used 40596K, committed 40960K, reserved 1089536K
  class space    used 5639K, committed 5824K, reserved 1048576K
}
Event: 6.648 GC heap after
{Heap after GC invocations=11 (full 0):
 garbage-first heap   total 66560K, used 20653K [0x00000000c2400000, 0x0000000100000000)
  region size 1024K, 2 young (2048K), 2 survivors (2048K)
 Metaspace       used 40596K, committed 40960K, reserved 1089536K
  class space    used 5639K, committed 5824K, reserved 1048576K
}

Deoptimization events (16 events):
Event: 2.125 Thread 0x0000019c59ecbd20 DEOPT PACKING pc=0x0000019c630c6c75 sp=0x00000035825fdba0
Event: 2.125 Thread 0x0000019c59ecbd20 DEOPT UNPACKING pc=0x0000019c62f62b43 sp=0x00000035825fcff8 mode 3
Event: 3.196 Thread 0x0000019c6cc779a0 DEOPT PACKING pc=0x0000019c632f1f99 sp=0x0000003583afccf0
Event: 3.196 Thread 0x0000019c6cc779a0 DEOPT UNPACKING pc=0x0000019c62f62b43 sp=0x0000003583afc1d0 mode 3
Event: 4.066 Thread 0x0000019c6cc779a0 DEOPT PACKING pc=0x0000019c63309a24 sp=0x0000003583afd120
Event: 4.066 Thread 0x0000019c6cc779a0 DEOPT UNPACKING pc=0x0000019c62f62b43 sp=0x0000003583afc678 mode 0
Event: 4.270 Thread 0x0000019c6cc779a0 DEOPT PACKING pc=0x0000019c634d5df5 sp=0x0000003583afd8c0
Event: 4.270 Thread 0x0000019c6cc779a0 DEOPT UNPACKING pc=0x0000019c62f62b43 sp=0x0000003583afcd30 mode 3
Event: 4.953 Thread 0x0000019c6cc779a0 DEOPT PACKING pc=0x0000019c635926dd sp=0x0000003583afc130
Event: 4.953 Thread 0x0000019c6cc779a0 DEOPT UNPACKING pc=0x0000019c62f62b43 sp=0x0000003583afb698 mode 3
Event: 4.965 Thread 0x0000019c6cc779a0 DEOPT PACKING pc=0x0000019c632faf01 sp=0x0000003583afe160
Event: 4.965 Thread 0x0000019c6cc779a0 DEOPT UNPACKING pc=0x0000019c62f62b43 sp=0x0000003583afd5f0 mode 3
Event: 4.965 Thread 0x0000019c6e32edc0 DEOPT PACKING pc=0x0000019c632a0717 sp=0x00000035845fef90
Event: 4.965 Thread 0x0000019c6e32edc0 DEOPT UNPACKING pc=0x0000019c62f62b43 sp=0x00000035845fe3e8 mode 3
Event: 5.068 Thread 0x0000019c6cc779a0 DEOPT PACKING pc=0x0000019c635cf62d sp=0x0000003583af9480
Event: 5.068 Thread 0x0000019c6cc779a0 DEOPT UNPACKING pc=0x0000019c62f62b43 sp=0x0000003583af89e0 mode 3

Classes unloaded (0 events):
No events

Classes redefined (0 events):
No events

Internal exceptions (20 events):
Event: 4.444 Thread 0x0000019c6cc779a0 Exception <a 'java/lang/ClassNotFoundException'{0x00000000c5538f50}: java/lang/ObjectCustomizer> (0x00000000c5538f50) 
thrown [t:\workspace\open\src\hotspot\share\classfile\systemDictionary.cpp, line 256]
Event: 4.444 Thread 0x0000019c6cc779a0 Exception <a 'java/lang/ClassNotFoundException'{0x00000000c5541ea0}: org/springframework/cache/annotation/AbstractCachingConfigurationCustomizer> (0x00000000c5541ea0) 
thrown [t:\workspace\open\src\hotspot\share\classfile\systemDictionary.cpp, line 256]
Event: 4.445 Thread 0x0000019c6cc779a0 Exception <a 'java/lang/ClassNotFoundException'{0x00000000c5549340}: org/springframework/cache/annotation/ProxyCachingConfigurationCustomizer> (0x00000000c5549340) 
thrown [t:\workspace\open\src\hotspot\share\classfile\systemDictionary.cpp, line 256]
Event: 4.446 Thread 0x0000019c6cc779a0 Exception <a 'java/lang/ClassNotFoundException'{0x00000000c55523d0}: org/springframework/context/annotation/ImportAwareCustomizer> (0x00000000c55523d0) 
thrown [t:\workspace\open\src\hotspot\share\classfile\systemDictionary.cpp, line 256]
Event: 4.446 Thread 0x0000019c6cc779a0 Exception <a 'java/lang/ClassNotFoundException'{0x00000000c55584f8}: org/springframework/beans/factory/AwareCustomizer> (0x00000000c55584f8) 
thrown [t:\workspace\open\src\hotspot\share\classfile\systemDictionary.cpp, line 256]
Event: 4.493 Thread 0x0000019c6cc779a0 Exception <a 'java/lang/NoSuchMethodError'{0x00000000c54fb2c0}: 'java.lang.Object java.lang.invoke.DirectMethodHandle$Holder.invokeSpecialIFC(java.lang.Object, java.lang.Object, java.lang.Object)'> (0x00000000c54fb2c0) 
thrown [t:\workspace\open\src\hotspot\share\interpreter\linkResolver.cpp, line 766]
Event: 4.536 Thread 0x0000019c6cc779a0 Exception <a 'java/lang/NoSuchMethodError'{0x00000000c5226ae8}: 'int java.lang.invoke.DirectMethodHandle$Holder.invokeSpecial(java.lang.Object, java.lang.Object, java.lang.Object, java.lang.Object, java.lang.Object)'> (0x00000000c5226ae8) 
thrown [t:\workspace\open\src\hotspot\share\interpreter\linkResolver.cpp, line 766]
Event: 4.633 Thread 0x0000019c6cc779a0 Exception <a 'java/lang/NoSuchMethodError'{0x00000000c4f73918}: 'void java.lang.invoke.DirectMethodHandle$Holder.invokeInterface(java.lang.Object, java.lang.Object, int)'> (0x00000000c4f73918) 
thrown [t:\workspace\open\src\hotspot\share\interpreter\linkResolver.cpp, line 766]
Event: 4.635 Thread 0x0000019c6cc779a0 Exception <a 'java/lang/NoSuchMethodError'{0x00000000c4f8d3b0}: 'int java.lang.invoke.DirectMethodHandle$Holder.invokeVirtual(java.lang.Object, java.lang.Object)'> (0x00000000c4f8d3b0) 
thrown [t:\workspace\open\src\hotspot\share\interpreter\linkResolver.cpp, line 766]
Event: 4.638 Thread 0x0000019c6cc779a0 Exception <a 'java/lang/IncompatibleClassChangeError'{0x00000000c4fcc7c0}: Found class java.lang.Object, but interface was expected> (0x00000000c4fcc7c0) 
thrown [t:\workspace\open\src\hotspot\share\interpreter\linkResolver.cpp, line 833]
Event: 4.639 Thread 0x0000019c6cc779a0 Exception <a 'java/lang/NoSuchMethodError'{0x00000000c4fd1948}: 'void java.lang.invoke.DirectMethodHandle$Holder.invokeStatic(java.lang.Object, int, java.lang.Object)'> (0x00000000c4fd1948) 
thrown [t:\workspace\open\src\hotspot\share\interpreter\linkResolver.cpp, line 766]
Event: 4.642 Thread 0x0000019c6cc779a0 Exception <a 'java/lang/NoSuchMethodError'{0x00000000c4e00ea0}: 'int java.lang.invoke.DirectMethodHandle$Holder.invokeSpecial(java.lang.Object, java.lang.Object, int)'> (0x00000000c4e00ea0) 
thrown [t:\workspace\open\src\hotspot\share\interpreter\linkResolver.cpp, line 766]
Event: 4.914 Thread 0x0000019c6cc779a0 Exception <a 'java/io/FileNotFoundException'{0x00000000c4656f28}> (0x00000000c4656f28) 
thrown [t:\workspace\open\src\hotspot\share\prims\jni.cpp, line 516]
Event: 4.928 Thread 0x0000019c6cc779a0 Exception <a 'java/lang/NoSuchMethodError'{0x00000000c457d3d0}: 'int java.lang.invoke.DirectMethodHandle$Holder.invokeInterface(java.lang.Object, java.lang.Object, java.lang.Object, java.lang.Object)'> (0x00000000c457d3d0) 
thrown [t:\workspace\open\src\hotspot\share\interpreter\linkResolver.cpp, line 766]
Event: 4.959 Thread 0x0000019c6cc779a0 Exception <a 'java/io/FileNotFoundException'{0x00000000c43ac640}> (0x00000000c43ac640) 
thrown [t:\workspace\open\src\hotspot\share\prims\jni.cpp, line 516]
Event: 5.068 Thread 0x0000019c6cc779a0 Implicit null exception at 0x0000019c635cef23 to 0x0000019c635cf628
Event: 5.718 Thread 0x0000019c6cc779a0 Exception <a 'sun/nio/fs/WindowsException'{0x00000000c4f12558}> (0x00000000c4f12558) 
thrown [t:\workspace\open\src\hotspot\share\prims\jni.cpp, line 516]
Event: 5.728 Thread 0x0000019c6cc779a0 Exception <a 'java/lang/NoSuchMethodError'{0x00000000c4f32378}: 'int java.lang.invoke.DirectMethodHandle$Holder.invokeStaticInit(java.lang.Object, java.lang.Object, java.lang.Object, java.lang.Object)'> (0x00000000c4f32378) 
thrown [t:\workspace\open\src\hotspot\share\interpreter\linkResolver.cpp, line 766]
Event: 6.106 Thread 0x0000019c6cc779a0 Exception <a 'java/lang/NoSuchMethodError'{0x00000000c488b4d8}: 'java.lang.Object java.lang.invoke.DirectMethodHandle$Holder.invokeStaticInit(java.lang.Object, java.lang.Object, java.lang.Object, java.lang.Object)'> (0x00000000c488b4d8) 
thrown [t:\workspace\open\src\hotspot\share\interpreter\linkResolver.cpp, line 766]
Event: 6.364 Thread 0x0000019c6cc779a0 Exception <a 'java/lang/NoSuchMethodError'{0x00000000c5596098}: 'java.lang.Object java.lang.invoke.DirectMethodHandle$Holder.newInvokeSpecial(java.lang.Object, java.lang.Object, int, java.lang.Object, java.lang.Object)'> (0x00000000c5596098) 
thrown [t:\workspace\open\src\hotspot\share\interpreter\linkResolver.cpp, line 766]

VM Operations (20 events):
Event: 5.089 Executing VM operation: G1CollectForAllocation
Event: 5.103 Executing VM operation: G1CollectForAllocation done
Event: 5.125 Executing VM operation: G1CollectForAllocation
Event: 5.133 Executing VM operation: G1CollectForAllocation done
Event: 5.697 Executing VM operation: HandshakeAllThreads
Event: 5.697 Executing VM operation: HandshakeAllThreads done
Event: 5.719 Executing VM operation: HandshakeAllThreads
Event: 5.719 Executing VM operation: HandshakeAllThreads done
Event: 5.723 Executing VM operation: HandshakeAllThreads
Event: 5.723 Executing VM operation: HandshakeAllThreads done
Event: 5.919 Executing VM operation: HandshakeAllThreads
Event: 5.919 Executing VM operation: HandshakeAllThreads done
Event: 6.121 Executing VM operation: CollectForMetadataAllocation
Event: 6.125 Executing VM operation: CollectForMetadataAllocation done
Event: 6.155 Executing VM operation: G1Concurrent
Event: 6.158 Executing VM operation: G1Concurrent done
Event: 6.168 Executing VM operation: G1Concurrent
Event: 6.168 Executing VM operation: G1Concurrent done
Event: 6.635 Executing VM operation: G1CollectForAllocation
Event: 6.648 Executing VM operation: G1CollectForAllocation done

Events (20 events):
Event: 6.580 loading class java/util/AbstractList$SubList
Event: 6.581 loading class java/util/AbstractList$SubList done
Event: 6.675 loading class java/lang/reflect/AnnotatedArrayType
Event: 6.675 loading class java/lang/reflect/AnnotatedArrayType done
Event: 6.702 loading class java/nio/file/StandardCopyOption
Event: 6.702 loading class java/nio/file/StandardCopyOption done
Event: 6.702 loading class java/io/FilenameFilter
Event: 6.703 loading class java/io/FilenameFilter done
Event: 6.703 loading class java/io/FileFilter
Event: 6.703 loading class java/io/FileFilter done
Event: 6.703 loading class java/nio/file/FileVisitOption
Event: 6.703 loading class java/nio/file/FileVisitOption done
Event: 6.703 loading class java/nio/file/attribute/UserPrincipal
Event: 6.703 loading class java/nio/file/attribute/UserPrincipal done
Event: 6.703 loading class java/nio/file/FileStore
Event: 6.704 loading class java/nio/file/FileStore done
Event: 6.704 loading class java/nio/file/FileVisitor
Event: 6.704 loading class java/nio/file/FileVisitor done
Event: 6.741 loading class sun/reflect/generics/tree/DoubleSignature
Event: 6.741 loading class sun/reflect/generics/tree/DoubleSignature done


Dynamic libraries:
0x00007ff6d2e80000 - 0x00007ff6d2e8e000 	C:\Users\Admin\.jdks\openjdk-17.0.2\bin\java.exe
0x00007ffa6de40000 - 0x00007ffa6e049000 	C:\WINDOWS\SYSTEM32\ntdll.dll
0x00007ffa6dcb0000 - 0x00007ffa6dd6d000 	C:\WINDOWS\System32\KERNEL32.DLL
0x00007ffa6b6d0000 - 0x00007ffa6ba44000 	C:\WINDOWS\System32\KERNELBASE.dll
0x00007ffa6ba50000 - 0x00007ffa6bb61000 	C:\WINDOWS\System32\ucrtbase.dll
0x00007ffa5ddb0000 - 0x00007ffa5ddca000 	C:\Users\Admin\.jdks\openjdk-17.0.2\bin\VCRUNTIME140.dll
0x00007ffa5dc90000 - 0x00007ffa5dca8000 	C:\Users\Admin\.jdks\openjdk-17.0.2\bin\jli.dll
0x00007ffa6cce0000 - 0x00007ffa6ce8c000 	C:\WINDOWS\System32\USER32.dll
0x00007ffa6a510000 - 0x00007ffa6a7b5000 	C:\WINDOWS\WinSxS\amd64_microsoft.windows.common-controls_6595b64144ccf1df_6.0.22000.120_none_9d947278b86cc467\COMCTL32.dll
0x00007ffa6bb70000 - 0x00007ffa6bb96000 	C:\WINDOWS\System32\win32u.dll
0x00007ffa6bf00000 - 0x00007ffa6bfa3000 	C:\WINDOWS\System32\msvcrt.dll
0x00007ffa6dd70000 - 0x00007ffa6dd99000 	C:\WINDOWS\System32\GDI32.dll
0x00007ffa6b5b0000 - 0x00007ffa6b6c2000 	C:\WINDOWS\System32\gdi32full.dll
0x00007ffa6b4a0000 - 0x00007ffa6b53d000 	C:\WINDOWS\System32\msvcp_win.dll
0x00007ffa6c050000 - 0x00007ffa6c081000 	C:\WINDOWS\System32\IMM32.DLL
0x00007ffa61bb0000 - 0x00007ffa61bbc000 	C:\Users\Admin\.jdks\openjdk-17.0.2\bin\vcruntime140_1.dll
0x00007ffa46b40000 - 0x00007ffa46bcd000 	C:\Users\Admin\.jdks\openjdk-17.0.2\bin\msvcp140.dll
0x00007ffa10ce0000 - 0x00007ffa118a1000 	C:\Users\Admin\.jdks\openjdk-17.0.2\bin\server\jvm.dll
0x00007ffa6d0d0000 - 0x00007ffa6d17e000 	C:\WINDOWS\System32\ADVAPI32.dll
0x00007ffa6bfb0000 - 0x00007ffa6c04e000 	C:\WINDOWS\System32\sechost.dll
0x00007ffa6ce90000 - 0x00007ffa6cfb0000 	C:\WINDOWS\System32\RPCRT4.dll
0x00007ffa6c090000 - 0x00007ffa6c098000 	C:\WINDOWS\System32\PSAPI.DLL
0x00007ffa6ab40000 - 0x00007ffa6ab49000 	C:\WINDOWS\SYSTEM32\WSOCK32.dll
0x00007ffa6c6a0000 - 0x00007ffa6c70f000 	C:\WINDOWS\System32\WS2_32.dll
0x00007ffa63270000 - 0x00007ffa6327a000 	C:\WINDOWS\SYSTEM32\VERSION.dll
0x00007ffa65250000 - 0x00007ffa65283000 	C:\WINDOWS\SYSTEM32\WINMM.dll
0x00007ffa69650000 - 0x00007ffa69668000 	C:\WINDOWS\SYSTEM32\kernel.appcore.dll
0x00007ffa5dfb0000 - 0x00007ffa5dfba000 	C:\Users\Admin\.jdks\openjdk-17.0.2\bin\jimage.dll
0x00007ffa6abe0000 - 0x00007ffa6ae01000 	C:\WINDOWS\SYSTEM32\DBGHELP.DLL
0x00007ffa6a920000 - 0x00007ffa6a951000 	C:\WINDOWS\SYSTEM32\dbgcore.DLL
0x00007ffa6bc60000 - 0x00007ffa6bcdf000 	C:\WINDOWS\System32\bcryptPrimitives.dll
0x00007ffa61bc0000 - 0x00007ffa61bce000 	C:\Users\Admin\.jdks\openjdk-17.0.2\bin\instrument.dll
0x00007ffa514f0000 - 0x00007ffa51515000 	C:\Users\Admin\.jdks\openjdk-17.0.2\bin\java.dll
0x00007ffa46030000 - 0x00007ffa46106000 	C:\Users\Admin\.jdks\openjdk-17.0.2\bin\jsvml.dll
0x00007ffa6d500000 - 0x00007ffa6dcae000 	C:\WINDOWS\System32\SHELL32.dll
0x00007ffa686c0000 - 0x00007ffa68f27000 	C:\WINDOWS\SYSTEM32\windows.storage.dll
0x00007ffa6c140000 - 0x00007ffa6c4b8000 	C:\WINDOWS\System32\combase.dll
0x00007ffa68550000 - 0x00007ffa686b6000 	C:\WINDOWS\SYSTEM32\wintypes.dll
0x00007ffa6c4c0000 - 0x00007ffa6c5aa000 	C:\WINDOWS\System32\SHCORE.dll
0x00007ffa6bea0000 - 0x00007ffa6befd000 	C:\WINDOWS\System32\shlwapi.dll
0x00007ffa6b260000 - 0x00007ffa6b281000 	C:\WINDOWS\SYSTEM32\profapi.dll
0x00007ffa51590000 - 0x00007ffa515a8000 	C:\Users\Admin\.jdks\openjdk-17.0.2\bin\zip.dll
0x00007ffa5dba0000 - 0x00007ffa5dbb9000 	C:\Users\Admin\.jdks\openjdk-17.0.2\bin\net.dll
0x00007ffa64860000 - 0x00007ffa6496c000 	C:\WINDOWS\SYSTEM32\WINHTTP.dll
0x00007ffa6a310000 - 0x00007ffa6a377000 	C:\WINDOWS\system32\mswsock.dll
0x00007ffa57480000 - 0x00007ffa57496000 	C:\Users\Admin\.jdks\openjdk-17.0.2\bin\nio.dll
0x00007ffa514d0000 - 0x00007ffa514ea000 	C:\Program Files\JetBrains\IntelliJ IDEA 2021.3.2\bin\breakgen64.dll
0x00007ffa691f0000 - 0x00007ffa692d7000 	C:\WINDOWS\SYSTEM32\DNSAPI.dll
0x00007ffa69180000 - 0x00007ffa691ad000 	C:\WINDOWS\SYSTEM32\IPHLPAPI.DLL
0x00007ffa6c750000 - 0x00007ffa6c759000 	C:\WINDOWS\System32\NSI.dll
0x00007ffa63d90000 - 0x00007ffa63d9a000 	C:\Windows\System32\rasadhlp.dll
0x00007ffa63f30000 - 0x00007ffa63fb1000 	C:\WINDOWS\System32\fwpuclnt.dll
0x00007ffa5fa10000 - 0x00007ffa5fa19000 	C:\Users\Admin\.jdks\openjdk-17.0.2\bin\management.dll
0x00007ffa517b0000 - 0x00007ffa517bb000 	C:\Users\Admin\.jdks\openjdk-17.0.2\bin\management_ext.dll
0x00007ffa6aef0000 - 0x00007ffa6af08000 	C:\WINDOWS\SYSTEM32\CRYPTSP.dll
0x00007ffa695b0000 - 0x00007ffa695e5000 	C:\WINDOWS\system32\rsaenh.dll
0x00007ffa6a460000 - 0x00007ffa6a489000 	C:\WINDOWS\SYSTEM32\USERENV.dll
0x00007ffa6abb0000 - 0x00007ffa6abd7000 	C:\WINDOWS\SYSTEM32\bcrypt.dll
0x00007ffa6a2a0000 - 0x00007ffa6a2ac000 	C:\WINDOWS\SYSTEM32\CRYPTBASE.dll
0x00007ffa645e0000 - 0x00007ffa645f9000 	C:\WINDOWS\SYSTEM32\dhcpcsvc6.DLL
0x00007ffa64c30000 - 0x00007ffa64c4e000 	C:\WINDOWS\SYSTEM32\dhcpcsvc.DLL
0x00007ffa566e0000 - 0x00007ffa566f7000 	C:\WINDOWS\system32\napinsp.dll
0x00007ffa56670000 - 0x00007ffa5668b000 	C:\WINDOWS\system32\pnrpnsp.dll
0x00007ffa56650000 - 0x00007ffa56662000 	C:\WINDOWS\System32\winrnr.dll
0x00007ffa640b0000 - 0x00007ffa640c5000 	C:\WINDOWS\system32\wshbth.dll
0x00007ffa553d0000 - 0x00007ffa553ef000 	C:\WINDOWS\system32\nlansp_c.dll
0x00007ffa51790000 - 0x00007ffa5179e000 	C:\Users\Admin\.jdks\openjdk-17.0.2\bin\sunmscapi.dll
0x00007ffa6b330000 - 0x00007ffa6b492000 	C:\WINDOWS\System32\CRYPT32.dll
0x00007ffa6a7c0000 - 0x00007ffa6a7e8000 	C:\WINDOWS\SYSTEM32\ncrypt.dll
0x00007ffa6a4d0000 - 0x00007ffa6a507000 	C:\WINDOWS\SYSTEM32\NTASN1.dll

dbghelp: loaded successfully - version: 4.0.5 - missing functions: none
symbol engine: initialized successfully - sym options: 0x614 - pdb path: .;C:\Users\Admin\.jdks\openjdk-17.0.2\bin;C:\WINDOWS\SYSTEM32;C:\WINDOWS\WinSxS\amd64_microsoft.windows.common-controls_6595b64144ccf1df_6.0.22000.120_none_9d947278b86cc467;C:\Users\Admin\.jdks\openjdk-17.0.2\bin\server;C:\Program Files\JetBrains\IntelliJ IDEA 2021.3.2\bin

VM Arguments:
jvm_args: -XX:TieredStopAtLevel=1 -Xverify:none -Dspring.output.ansi.enabled=always -Dcom.sun.management.jmxremote -Dspring.jmx.enabled=true -Dspring.liveBeansView.mbeanDomain -Dspring.application.admin.enabled=true -javaagent:C:\Program Files\JetBrains\IntelliJ IDEA 2021.3.2\lib\idea_rt.jar=49341:C:\Program Files\JetBrains\IntelliJ IDEA 2021.3.2\bin -Dfile.encoding=UTF-8 
java_command: com.bus.BusExperimentApplication
java_class_path (initial): C:\Users\Admin\Downloads\Movie-seat-project-main\Movie-seat-project-main\target\classes;C:\Users\Admin\.m2\repository\org\springframework\boot\spring-boot-starter-data-jpa\2.5.4\spring-boot-starter-data-jpa-2.5.4.jar;C:\Users\Admin\.m2\repository\org\springframework\boot\spring-boot-starter-aop\2.5.4\spring-boot-starter-aop-2.5.4.jar;C:\Users\Admin\.m2\repository\org\springframework\spring-aop\5.3.9\spring-aop-5.3.9.jar;C:\Users\Admin\.m2\repository\org\aspectj\aspectjweaver\1.9.7\aspectjweaver-1.9.7.jar;C:\Users\Admin\.m2\repository\org\springframework\boot\spring-boot-starter-jdbc\2.5.4\spring-boot-starter-jdbc-2.5.4.jar;C:\Users\Admin\.m2\repository\com\zaxxer\HikariCP\4.0.3\HikariCP-4.0.3.jar;C:\Users\Admin\.m2\repository\org\springframework\spring-jdbc\5.3.9\spring-jdbc-5.3.9.jar;C:\Users\Admin\.m2\repository\jakarta\transaction\jakarta.transaction-api\1.3.3\jakarta.transaction-api-1.3.3.jar;C:\Users\Admin\.m2\repository\jakarta\persistence\jakarta.persistence-api\2.2.3\jakarta.persistence-api-2.2.3.jar;C:\Users\Admin\.m2\repository\org\hibernate\hibernate-core\5.4.32.Final\hibernate-core-5.4.32.Final.jar;C:\Users\Admin\.m2\repository\org\jboss\logging\jboss-logging\3.4.2.Final\jboss-logging-3.4.2.Final.jar;C:\Users\Admin\.m2\repository\org\javassist\javassist\3.27.0-GA\javassist-3.27.0-GA.jar;C:\Users\Admin\.m2\repository\net\bytebuddy\byte-buddy\1.10.22\byte-buddy-1.10.22.jar;C:\Users\Admin\.m2\repository\antlr\antlr\2.7.7\antlr-2.7.7.jar;C:\Users\Admin\.m2\repository\org\jboss\jandex\2.2.3.Final\jandex-2.2.3.Final.jar;C:\Users\Admin\.m2\repository\com\fasterxml\classmate\1.5.1\classmate-1.5.1.jar;C:\Users\Admin\.m2\repository\org\dom4j\dom4j\2.1.3\dom4j-2.1.3.jar;C:\Users\Admin\.m2\repository\org\hibernate\common\hibernate-commons-annotations\5.1.2.Final\hibernate-commons-annotations-5.1.2.Final.jar;C:\Users\Admin\.m2\repository\org\glassfish\jaxb\jaxb-runtime\2.3.5\jaxb-runtime-2.3.5.jar;C:\Users\Admin\.m2\repository\org\glassfi
Launcher Type: SUN_STANDARD

[Global flags]
     intx CICompilerCount                          = 4                                         {product} {ergonomic}
     uint ConcGCThreads                            = 2                                         {product} {ergonomic}
     uint G1ConcRefinementThreads                  = 8                                         {product} {ergonomic}
   size_t G1HeapRegionSize                         = 1048576                                   {product} {ergonomic}
    uintx GCDrainStackTargetSize                   = 64                                        {product} {ergonomic}
   size_t InitialHeapSize                          = 65011712                                  {product} {ergonomic}
     bool ManagementServer                         = true                                      {product} {command line}
   size_t MarkStackSize                            = 4194304                                   {product} {ergonomic}
   size_t MaxHeapSize                              = 1035993088                                {product} {ergonomic}
   size_t MaxNewSize                               = 620756992                                 {product} {ergonomic}
   size_t MinHeapDeltaBytes                        = 1048576                                   {product} {ergonomic}
   size_t MinHeapSize                              = 8388608                                   {product} {ergonomic}
    uintx NonProfiledCodeHeapSize                  = 0                                      {pd product} {ergonomic}
     bool ProfileInterpreter                       = false                                  {pd product} {command line}
    uintx ProfiledCodeHeapSize                     = 0                                      {pd product} {ergonomic}
   size_t SoftMaxHeapSize                          = 1035993088                             {manageable} {ergonomic}
     intx TieredStopAtLevel                        = 1                                         {product} {command line}
     bool UseCompressedClassPointers               = true                           {product lp64_product} {ergonomic}
     bool UseCompressedOops                        = true                           {product lp64_product} {ergonomic}
     bool UseG1GC                                  = true                                      {product} {ergonomic}
     bool UseLargePagesIndividualAllocation        = false                                  {pd product} {ergonomic}

Logging:
Log output configuration:
 #0: stdout all=warning uptime,level,tags
 #1: stderr all=off uptime,level,tags

Environment Variables:
PATH=C:\Program Files (x86)\Common Files\Oracle\Java\javapath;C:\WINDOWS\system32;C:\WINDOWS;C:\WINDOWS\System32\Wbem;C:\WINDOWS\System32\WindowsPowerShell\v1.0\;C:\WINDOWS\System32\OpenSSH\;C:\Program Files\Intel\WiFi\bin\;C:\Program Files\Common Files\Intel\WirelessCommon\;%JAVA_HOME%\bin;C:\Program Files\Intel\Intel(R) Memory and Storage Tool\;C:\Program Files\nodejs\;C:\Program Files\MongoDB\Server\5.0\bin;C:\Program Files\Git\cmd;C:\Program Files\Microsoft SQL Server\150\Tools\Binn\;C:\Program Files\Microsoft SQL Server\Client SDK\ODBC\170\Tools\Binn\;C:\Program Files\dotnet\;C:\Users\Admin\AppData\Local\Programs\Python\Python39\Scripts\;C:\Users\Admin\AppData\Local\Programs\Python\Python39\;C:\Users\Admin\AppData\Local\Microsoft\WindowsApps;;C:\Users\Admin\AppData\Local\Programs\Microsoft VS Code\bin;C:\Users\Admin\AppData\Roaming\npm;C:\Users\Admin\.dotnet\tools
USERNAME=Admin
OS=Windows_NT
PROCESSOR_IDENTIFIER=Intel64 Family 6 Model 142 Stepping 11, GenuineIntel



---------------  S Y S T E M  ---------------

OS:
 Windows 11 , 64 bit Build 22000 (10.0.22000.434)
OS uptime: 0 days 11:22 hours

CPU: total 8 (initial active 8) (4 cores per cpu, 2 threads per core) family 6 model 142 stepping 11 microcode 0xde, cx8, cmov, fxsr, ht, mmx, 3dnowpref, sse, sse2, sse3, ssse3, sse4.1, sse4.2, popcnt, lzcnt, tsc, tscinvbit, avx, avx2, aes, erms, clmul, bmi1, bmi2, adx, fma, vzeroupper, clflush, clflushopt

Memory: 4k page, system-wide physical 3947M (67M free)
TotalPageFile size 12139M (AvailPageFile size 3M)
current process WorkingSet (physical memory assigned to process): 172M, peak: 172M
current process commit charge ("private bytes"): 213M, peak: 213M

vm_info: OpenJDK 64-Bit Server VM (17.0.2+8-86) for windows-amd64 JRE (17.0.2+8-86), built on Dec  7 2021 21:49:10 by "mach5one" with MS VC++ 16.8 / 16.9 (VS2019)

END.
